<?xml version="1.0" encoding="UTF-8"?>
<testng-results ignored="0" total="1" passed="1" failed="0" skipped="0">
  <reporter-output>
  </reporter-output>
  <suite started-at="2026-02-20T20:07:14 EST" name="Default suite" finished-at="2026-02-20T20:07:22 EST" duration-ms="8907">
    <groups>
    </groups>
    <test started-at="2026-02-20T20:07:14 EST" name="Default test" finished-at="2026-02-20T20:07:22 EST" duration-ms="8907">
      <class name="Git1">
        <test-method signature="gitrepo()[pri:0, instance:Git1@477b4cdf]" started-at="2026-02-20T20:07:14 EST" name="gitrepo" finished-at="2026-02-20T20:07:22 EST" duration-ms="8868" status="PASS">
          <reporter-output>
          </reporter-output>
        </test-method> <!-- gitrepo -->
      </class> <!-- Git1 -->
    </test> <!-- Default test -->
  </suite> <!-- Default suite -->
</testng-results>
